#-----------------------------------------------------------
# Vivado v2019.1 (64-bit)
# SW Build 2552052 on Fri May 24 14:49:42 MDT 2019
# IP Build 2548770 on Fri May 24 18:01:18 MDT 2019
# Start of session at: Fri Jul  2 09:45:18 2021
# Process ID: 13448
# Current directory: C:/Users/tomga/AppData/Roaming/Xilinx/Vivado/mastercamp
# Command line: vivado.exe -gui_launcher_event rodinguilauncherevent17704 C:\Users\tomga\AppData\Roaming\Xilinx\Vivado\mastercamp\mastercamp.xpr
# Log file: C:/Users/tomga/AppData/Roaming/Xilinx/Vivado/mastercamp/vivado.log
# Journal file: C:/Users/tomga/AppData/Roaming/Xilinx/Vivado/mastercamp\vivado.jou
#-----------------------------------------------------------
start_gui
open_project C:/Users/tomga/AppData/Roaming/Xilinx/Vivado/mastercamp/mastercamp.xpr
Scanning sources...
Finished scanning sources
INFO: [IP_Flow 19-234] Refreshing IP repositories
INFO: [IP_Flow 19-1704] No user IP repositories specified
INFO: [IP_Flow 19-2313] Loaded Vivado IP repository 'C:/Xilinx/Vivado/2019.1/data/ip'.
exit
INFO: [Common 17-206] Exiting Vivado at Fri Jul  2 09:45:40 2021...
